<?xml version="1.0" encoding="UTF-8"?>
<robot generator="Robot 3.1.2 (Python 3.6.9 on linux)" generated="20200226 12:10:22.554" rpa="false">
<suite id="s1" name="TC1" source="/home/nadya/Documents/RobotFrameworkProject/TestCases/TC1.robot">
<test id="s1-t1" name="LoginTest">
<kw name="Open Browser" library="SeleniumLibrary">
<doc>Opens a new browser instance to the optional ``url``.</doc>
<arguments>
<arg>https://www.nopcommerce.com/</arg>
<arg>chrome</arg>
</arguments>
<msg timestamp="20200226 12:10:22.658" level="INFO">Opening browser 'chrome' to base url 'https://www.nopcommerce.com/'.</msg>
<kw name="Capture Page Screenshot" library="SeleniumLibrary">
<doc>Takes a screenshot of the current page and embeds it into a log file.</doc>
<msg timestamp="20200226 12:10:22.662" level="INFO">Cannot capture screenshot because no browser is open.</msg>
<status status="PASS" starttime="20200226 12:10:22.662" endtime="20200226 12:10:22.663"></status>
</kw>
<msg timestamp="20200226 12:10:22.664" level="FAIL">WebDriverException: Message: 'chromedriver' executable needs to be in PATH. Please see https://sites.google.com/a/chromium.org/chromedriver/home
</msg>
<status status="FAIL" starttime="20200226 12:10:22.658" endtime="20200226 12:10:22.664"></status>
</kw>
<status status="FAIL" starttime="20200226 12:10:22.657" endtime="20200226 12:10:22.664" critical="yes">WebDriverException: Message: 'chromedriver' executable needs to be in PATH. Please see https://sites.google.com/a/chromium.org/chromedriver/home
</status>
</test>
<status status="FAIL" starttime="20200226 12:10:22.554" endtime="20200226 12:10:22.665"></status>
</suite>
<statistics>
<total>
<stat pass="0" fail="1">Critical Tests</stat>
<stat pass="0" fail="1">All Tests</stat>
</total>
<tag>
</tag>
<suite>
<stat pass="0" fail="1" id="s1" name="TC1">TC1</stat>
</suite>
</statistics>
<errors>
</errors>
</robot>
